[12:0] StateProp[0] = 0.014401
[12:0] StateProp[1] = 0.018152
[12:0] StateProp[2] = 0.022725
[12:0] StateProp[3] = 0.028590
[12:0] StateProp[4] = 0.035717
[12:0] StateProp[5] = 0.044664
[12:0] StateProp[6] = 0.055674
[12:0] StateProp[7] = 0.069547
[12:0] StateProp[8] = 0.086716
[12:0] StateProp[9] = 0.108148
[12:0] StateProp[10] = 0.135191
[12:0] StateProp[11] = 0.168949
[12:0] OverflowProp[0] = 0.211526
[12:0] Throughput = 9.461687
[12:0] Avg customers in system = 6.213846
[12:0] Avg waiting time = 0.656738
[12:1] StateProp[0] = 0.014433
[12:1] StateProp[1] = 0.018237
[12:1] StateProp[2] = 0.022798
[12:1] StateProp[3] = 0.028689
[12:1] StateProp[4] = 0.035771
[12:1] StateProp[5] = 0.044695
[12:1] StateProp[6] = 0.055702
[12:1] StateProp[7] = 0.069560
[12:1] StateProp[8] = 0.086781
[12:1] StateProp[9] = 0.108097
[12:1] StateProp[10] = 0.135091
[12:1] StateProp[11] = 0.168879
[12:1] OverflowProp[1] = 0.211267
[12:1] Throughput = 9.464791
[12:1] Avg customers in system = 6.213292
[12:1] Avg waiting time = 0.656464
[12:2] StateProp[0] = 0.008086
[12:2] StateProp[1] = 0.018288
[12:2] StateProp[2] = 0.022964
[12:2] StateProp[3] = 0.028841
[12:2] StateProp[4] = 0.036027
[12:2] StateProp[5] = 0.044973
[12:2] StateProp[6] = 0.056125
[12:2] StateProp[7] = 0.069939
[12:2] StateProp[8] = 0.087214
[12:2] StateProp[9] = 0.108818
[12:2] StateProp[10] = 0.136095
[12:2] StateProp[11] = 0.169957
[12:2] OverflowProp[2] = 0.212672
[12:2] Throughput = 9.447937
[12:2] Avg customers in system = 6.253583
[12:2] Avg waiting time = 0.661899
[12:3] StateProp[0] = 0.006026
[12:3] StateProp[1] = 0.013628
[12:3] StateProp[2] = 0.023161
[12:3] StateProp[3] = 0.029078
[12:3] StateProp[4] = 0.036314
[12:3] StateProp[5] = 0.045352
[12:3] StateProp[6] = 0.056466
[12:3] StateProp[7] = 0.070376
[12:3] StateProp[8] = 0.087755
[12:3] StateProp[9] = 0.109572
[12:3] StateProp[10] = 0.136977
[12:3] StateProp[11] = 0.171111
[12:3] OverflowProp[3] = 0.214187
[12:3] Throughput = 9.429759
[12:3] Avg customers in system = 6.290788
[12:3] Avg waiting time = 0.667121
[12:4] StateProp[0] = 0.004997
[12:4] StateProp[1] = 0.011300
[12:4] StateProp[2] = 0.019170
[12:4] StateProp[3] = 0.029081
[12:4] StateProp[4] = 0.036383
[12:4] StateProp[5] = 0.045585
[12:4] StateProp[6] = 0.056920
[12:4] StateProp[7] = 0.070979
[12:4] StateProp[8] = 0.088520
[12:4] StateProp[9] = 0.110384
[12:4] StateProp[10] = 0.138144
[12:4] StateProp[11] = 0.172507
[12:4] OverflowProp[4] = 0.216031
[12:4] Throughput = 9.407622
[12:4] Avg customers in system = 6.329338
[12:4] Avg waiting time = 0.672788
[12:5] StateProp[0] = 0.004431
[12:5] StateProp[1] = 0.010030
[12:5] StateProp[2] = 0.017014
[12:5] StateProp[3] = 0.025756
[12:5] StateProp[4] = 0.036681
[12:5] StateProp[5] = 0.045919
[12:5] StateProp[6] = 0.057409
[12:5] StateProp[7] = 0.071656
[12:5] StateProp[8] = 0.089357
[12:5] StateProp[9] = 0.111327
[12:5] StateProp[10] = 0.139080
[12:5] StateProp[11] = 0.173741
[12:5] OverflowProp[5] = 0.217598
[12:5] Throughput = 9.388824
[12:5] Avg customers in system = 6.362443
[12:5] Avg waiting time = 0.677661
[12:6] StateProp[0] = 0.004076
[12:6] StateProp[1] = 0.009249
[12:6] StateProp[2] = 0.015665
[12:6] StateProp[3] = 0.023695
[12:6] StateProp[4] = 0.033700
[12:6] StateProp[5] = 0.046243
[12:6] StateProp[6] = 0.057806
[12:6] StateProp[7] = 0.072199
[12:6] StateProp[8] = 0.089989
[12:6] StateProp[9] = 0.112160
[12:6] StateProp[10] = 0.140341
[12:6] StateProp[11] = 0.175350
[12:6] OverflowProp[6] = 0.219528
[12:6] Throughput = 9.365667
[12:6] Avg customers in system = 6.391514
[12:6] Avg waiting time = 0.682441
[12:7] StateProp[0] = 0.003837
[12:7] StateProp[1] = 0.008691
[12:7] StateProp[2] = 0.014745
[12:7] StateProp[3] = 0.022378
[12:7] StateProp[4] = 0.031778
[12:7] StateProp[5] = 0.043559
[12:7] StateProp[6] = 0.058254
[12:7] StateProp[7] = 0.072792
[12:7] StateProp[8] = 0.090769
[12:7] StateProp[9] = 0.113229
[12:7] StateProp[10] = 0.141569
[12:7] StateProp[11] = 0.176937
[12:7] OverflowProp[7] = 0.221462
[12:7] Throughput = 9.342459
[12:7] Avg customers in system = 6.416500
[12:7] Avg waiting time = 0.686811
[12:8] StateProp[0] = 0.003702
[12:8] StateProp[1] = 0.008362
[12:8] StateProp[2] = 0.014139
[12:8] StateProp[3] = 0.021433
[12:8] StateProp[4] = 0.030470
[12:8] StateProp[5] = 0.041740
[12:8] StateProp[6] = 0.055829
[12:8] StateProp[7] = 0.073465
[12:8] StateProp[8] = 0.091719
[12:8] StateProp[9] = 0.114408
[12:8] StateProp[10] = 0.142920
[12:8] StateProp[11] = 0.178457
[12:8] OverflowProp[8] = 0.223357
[12:8] Throughput = 9.319714
[12:8] Avg customers in system = 6.436395
[12:8] Avg waiting time = 0.690622
[12:9] StateProp[0] = 0.003565
[12:9] StateProp[1] = 0.008064
[12:9] StateProp[2] = 0.013666
[12:9] StateProp[3] = 0.020757
[12:9] StateProp[4] = 0.029475
[12:9] StateProp[5] = 0.040524
[12:9] StateProp[6] = 0.054232
[12:9] StateProp[7] = 0.071288
[12:9] StateProp[8] = 0.092510
[12:9] StateProp[9] = 0.115466
[12:9] StateProp[10] = 0.144272
[12:9] StateProp[11] = 0.180387
[12:9] OverflowProp[9] = 0.225795
[12:9] Throughput = 9.290455
[12:9] Avg customers in system = 6.448841
[12:9] Avg waiting time = 0.694136
[12:10] StateProp[0] = 0.003507
[12:10] StateProp[1] = 0.007961
[12:10] StateProp[2] = 0.013438
[12:10] StateProp[3] = 0.020417
[12:10] StateProp[4] = 0.028946
[12:10] StateProp[5] = 0.039779
[12:10] StateProp[6] = 0.053100
[12:10] StateProp[7] = 0.069891
[12:10] StateProp[8] = 0.090698
[12:10] StateProp[9] = 0.116648
[12:10] StateProp[10] = 0.145687
[12:10] StateProp[11] = 0.182049
[12:10] OverflowProp[10] = 0.227879
[12:10] Throughput = 9.265448
[12:10] Avg customers in system = 6.453427
[12:10] Avg waiting time = 0.696505
[12:11] StateProp[0] = 0.003469
[12:11] StateProp[1] = 0.007859
[12:11] StateProp[2] = 0.013298
[12:11] StateProp[3] = 0.020153
[12:11] StateProp[4] = 0.028641
[12:11] StateProp[5] = 0.039304
[12:11] StateProp[6] = 0.052454
[12:11] StateProp[7] = 0.069009
[12:11] StateProp[8] = 0.089488
[12:11] StateProp[9] = 0.115057
[12:11] StateProp[10] = 0.147276
[12:11] StateProp[11] = 0.183939
[12:11] OverflowProp[11] = 0.230053
[12:11] Throughput = 9.239362
[12:11] Avg customers in system = 6.451290
[12:11] Avg waiting time = 0.698240
