[3:0] StateProp[0] = 0.690379
[3:0] StateProp[1] = 0.213759
[3:0] StateProp[2] = 0.066186
[3:0] StateProp[3] = 0.020486
[3:0] StateProp[4] = 0.006342
[3:0] StateProp[5] = 0.001967
[3:0] StateProp[6] = 0.000605
[3:0] StateProp[7] = 0.000189
[3:0] StateProp[8] = 0.000060
[3:0] StateProp[9] = 0.000019
[3:0] StateProp[10] = 0.000006
[3:0] StateProp[11] = 0.000001
[3:0] OverflowProp[0] = 0.000000
[3:0] Throughput = 2.999999
[3:0] Avg customers in system = 0.448468
[3:0] Avg waiting time = 0.149489
[3:1] StateProp[0] = 0.690331
[3:1] StateProp[1] = 0.213773
[3:1] StateProp[2] = 0.066203
[3:1] StateProp[3] = 0.020499
[3:1] StateProp[4] = 0.006356
[3:1] StateProp[5] = 0.001963
[3:1] StateProp[6] = 0.000603
[3:1] StateProp[7] = 0.000186
[3:1] StateProp[8] = 0.000059
[3:1] StateProp[9] = 0.000018
[3:1] StateProp[10] = 0.000005
[3:1] StateProp[11] = 0.000002
[3:1] OverflowProp[1] = 0.000001
[3:1] Throughput = 2.999998
[3:1] Avg customers in system = 0.448543
[3:1] Avg waiting time = 0.149514
[3:2] StateProp[0] = 0.345202
[3:2] StateProp[1] = 0.452111
[3:2] StateProp[2] = 0.139954
[3:2] StateProp[3] = 0.043318
[3:2] StateProp[4] = 0.013416
[3:2] StateProp[5] = 0.004140
[3:2] StateProp[6] = 0.001278
[3:2] StateProp[7] = 0.000400
[3:2] StateProp[8] = 0.000126
[3:2] StateProp[9] = 0.000039
[3:2] StateProp[10] = 0.000011
[3:2] StateProp[11] = 0.000003
[3:2] OverflowProp[2] = 0.000001
[3:2] Throughput = 2.999998
[3:2] Avg customers in system = 0.948321
[3:2] Avg waiting time = 0.316107
[3:3] StateProp[0] = 0.230114
[3:3] StateProp[1] = 0.301372
[3:3] StateProp[2] = 0.323482
[3:3] StateProp[3] = 0.100076
[3:3] StateProp[4] = 0.031021
[3:3] StateProp[5] = 0.009601
[3:3] StateProp[6] = 0.002990
[3:3] StateProp[7] = 0.000926
[3:3] StateProp[8] = 0.000287
[3:3] StateProp[9] = 0.000089
[3:3] StateProp[10] = 0.000028
[3:3] StateProp[11] = 0.000009
[3:3] OverflowProp[3] = 0.000003
[3:3] Throughput = 2.999990
[3:3] Avg customers in system = 1.448561
[3:3] Avg waiting time = 0.482855
[3:4] StateProp[0] = 0.172599
[3:4] StateProp[1] = 0.226015
[3:4] StateProp[2] = 0.242592
[3:4] StateProp[3] = 0.247715
[3:4] StateProp[4] = 0.076702
[3:4] StateProp[5] = 0.023742
[3:4] StateProp[6] = 0.007359
[3:4] StateProp[7] = 0.002261
[3:4] StateProp[8] = 0.000701
[3:4] StateProp[9] = 0.000220
[3:4] StateProp[10] = 0.000068
[3:4] StateProp[11] = 0.000020
[3:4] OverflowProp[4] = 0.000006
[3:4] Throughput = 2.999983
[3:4] Avg customers in system = 1.948333
[3:4] Avg waiting time = 0.649448
[3:5] StateProp[0] = 0.138095
[3:5] StateProp[1] = 0.180851
[3:5] StateProp[2] = 0.194049
[3:5] StateProp[3] = 0.198140
[3:5] StateProp[4] = 0.199453
[3:5] StateProp[5] = 0.061739
[3:5] StateProp[6] = 0.019143
[3:5] StateProp[7] = 0.005911
[3:5] StateProp[8] = 0.001815
[3:5] StateProp[9] = 0.000559
[3:5] StateProp[10] = 0.000173
[3:5] StateProp[11] = 0.000055
[3:5] OverflowProp[5] = 0.000018
[3:5] Throughput = 2.999947
[3:5] Avg customers in system = 2.448003
[3:5] Avg waiting time = 0.816015
[3:6] StateProp[0] = 0.115085
[3:6] StateProp[1] = 0.150718
[3:6] StateProp[2] = 0.161731
[3:6] StateProp[3] = 0.165155
[3:6] StateProp[4] = 0.166215
[3:6] StateProp[5] = 0.166512
[3:6] StateProp[6] = 0.051531
[3:6] StateProp[7] = 0.015927
[3:6] StateProp[8] = 0.004928
[3:6] StateProp[9] = 0.001526
[3:6] StateProp[10] = 0.000476
[3:6] StateProp[11] = 0.000148
[3:6] OverflowProp[6] = 0.000047
[3:6] Throughput = 2.999860
[3:6] Avg customers in system = 2.947291
[3:6] Avg waiting time = 0.982476
[3:7] StateProp[0] = 0.098628
[3:7] StateProp[1] = 0.129193
[3:7] StateProp[2] = 0.138622
[3:7] StateProp[3] = 0.141542
[3:7] StateProp[4] = 0.142429
[3:7] StateProp[5] = 0.142747
[3:7] StateProp[6] = 0.142878
[3:7] StateProp[7] = 0.044197
[3:7] StateProp[8] = 0.013682
[3:7] StateProp[9] = 0.004238
[3:7] StateProp[10] = 0.001308
[3:7] StateProp[11] = 0.000407
[3:7] OverflowProp[7] = 0.000128
[3:7] Throughput = 2.999615
[3:7] Avg customers in system = 3.446326
[3:7] Avg waiting time = 1.148923
[3:8] StateProp[0] = 0.086321
[3:8] StateProp[1] = 0.113037
[3:8] StateProp[2] = 0.121306
[3:8] StateProp[3] = 0.123893
[3:8] StateProp[4] = 0.124694
[3:8] StateProp[5] = 0.124874
[3:8] StateProp[6] = 0.124992
[3:8] StateProp[7] = 0.124992
[3:8] StateProp[8] = 0.038699
[3:8] StateProp[9] = 0.011994
[3:8] StateProp[10] = 0.003703
[3:8] StateProp[11] = 0.001142
[3:8] OverflowProp[8] = 0.000353
[3:8] Throughput = 2.998941
[3:8] Avg customers in system = 3.942500
[3:8] Avg waiting time = 1.314631
[3:9] StateProp[0] = 0.076734
[3:9] StateProp[1] = 0.100489
[3:9] StateProp[2] = 0.107845
[3:9] StateProp[3] = 0.110132
[3:9] StateProp[4] = 0.110810
[3:9] StateProp[5] = 0.111045
[3:9] StateProp[6] = 0.111095
[3:9] StateProp[7] = 0.111190
[3:9] StateProp[8] = 0.111198
[3:9] StateProp[9] = 0.034436
[3:9] StateProp[10] = 0.010686
[3:9] StateProp[11] = 0.003308
[3:9] OverflowProp[9] = 0.001031
[3:9] Throughput = 2.996907
[3:9] Avg customers in system = 4.432702
[3:9] Avg waiting time = 1.479093
[3:10] StateProp[0] = 0.069133
[3:10] StateProp[1] = 0.090545
[3:10] StateProp[2] = 0.097187
[3:10] StateProp[3] = 0.099219
[3:10] StateProp[4] = 0.099855
[3:10] StateProp[5] = 0.100022
[3:10] StateProp[6] = 0.100099
[3:10] StateProp[7] = 0.100147
[3:10] StateProp[8] = 0.100149
[3:10] StateProp[9] = 0.100122
[3:10] StateProp[10] = 0.030975
[3:10] StateProp[11] = 0.009582
[3:10] OverflowProp[10] = 0.002964
[3:10] Throughput = 2.991108
[3:10] Avg customers in system = 4.901178
[3:10] Avg waiting time = 1.638583
[3:11] StateProp[0] = 0.063026
[3:11] StateProp[1] = 0.082504
[3:11] StateProp[2] = 0.088551
[3:11] StateProp[3] = 0.090391
[3:11] StateProp[4] = 0.091008
[3:11] StateProp[5] = 0.091193
[3:11] StateProp[6] = 0.091231
[3:11] StateProp[7] = 0.091289
[3:11] StateProp[8] = 0.091253
[3:11] StateProp[9] = 0.091269
[3:11] StateProp[10] = 0.091248
[3:11] StateProp[11] = 0.028289
[3:11] OverflowProp[11] = 0.008749
[3:11] Throughput = 2.973752
[3:11] Avg customers in system = 5.312282
[3:11] Avg waiting time = 1.786390
