[5:0] StateProp[0] = 0.481550
[5:0] StateProp[1] = 0.249612
[5:0] StateProp[2] = 0.129532
[5:0] StateProp[3] = 0.067167
[5:0] StateProp[4] = 0.034805
[5:0] StateProp[5] = 0.018041
[5:0] StateProp[6] = 0.009363
[5:0] StateProp[7] = 0.004849
[5:0] StateProp[8] = 0.002526
[5:0] StateProp[9] = 0.001315
[5:0] StateProp[10] = 0.000690
[5:0] StateProp[11] = 0.000360
[5:0] OverflowProp[0] = 0.000189
[5:0] Throughput = 4.999053
[5:0] Avg customers in system = 1.072632
[5:0] Avg waiting time = 0.214567
[5:1] StateProp[0] = 0.481665
[5:1] StateProp[1] = 0.249643
[5:1] StateProp[2] = 0.129413
[5:1] StateProp[3] = 0.067130
[5:1] StateProp[4] = 0.034773
[5:1] StateProp[5] = 0.018050
[5:1] StateProp[6] = 0.009386
[5:1] StateProp[7] = 0.004877
[5:1] StateProp[8] = 0.002528
[5:1] StateProp[9] = 0.001310
[5:1] StateProp[10] = 0.000685
[5:1] StateProp[11] = 0.000358
[5:1] OverflowProp[1] = 0.000183
[5:1] Throughput = 4.999087
[5:1] Avg customers in system = 1.072455
[5:1] Avg waiting time = 0.214530
[5:2] StateProp[0] = 0.240848
[5:2] StateProp[1] = 0.365797
[5:2] StateProp[2] = 0.189576
[5:2] StateProp[3] = 0.098224
[5:2] StateProp[4] = 0.050888
[5:2] StateProp[5] = 0.026401
[5:2] StateProp[6] = 0.013716
[5:2] StateProp[7] = 0.007144
[5:2] StateProp[8] = 0.003701
[5:2] StateProp[9] = 0.001920
[5:2] StateProp[10] = 0.000997
[5:2] StateProp[11] = 0.000519
[5:2] OverflowProp[2] = 0.000269
[5:2] Throughput = 4.998657
[5:2] Avg customers in system = 1.570049
[5:2] Avg waiting time = 0.314094
[5:3] StateProp[0] = 0.160501
[5:3] StateProp[1] = 0.243783
[5:3] StateProp[2] = 0.286951
[5:3] StateProp[3] = 0.148907
[5:3] StateProp[4] = 0.077250
[5:3] StateProp[5] = 0.039993
[5:3] StateProp[6] = 0.020735
[5:3] StateProp[7] = 0.010771
[5:3] StateProp[8] = 0.005556
[5:3] StateProp[9] = 0.002881
[5:3] StateProp[10] = 0.001503
[5:3] StateProp[11] = 0.000767
[5:3] OverflowProp[3] = 0.000401
[5:3] Throughput = 4.997994
[5:3] Avg customers in system = 2.067030
[5:3] Avg waiting time = 0.413572
[5:4] StateProp[0] = 0.120509
[5:4] StateProp[1] = 0.182908
[5:4] StateProp[2] = 0.215272
[5:4] StateProp[3] = 0.232170
[5:4] StateProp[4] = 0.120287
[5:4] StateProp[5] = 0.062325
[5:4] StateProp[6] = 0.032336
[5:4] StateProp[7] = 0.016746
[5:4] StateProp[8] = 0.008706
[5:4] StateProp[9] = 0.004523
[5:4] StateProp[10] = 0.002352
[5:4] StateProp[11] = 0.001226
[5:4] OverflowProp[4] = 0.000642
[5:4] Throughput = 4.996792
[5:4] Avg customers in system = 2.561324
[5:4] Avg waiting time = 0.512594
[5:5] StateProp[0] = 0.096417
[5:5] StateProp[1] = 0.146374
[5:5] StateProp[2] = 0.172260
[5:5] StateProp[3] = 0.185710
[5:5] StateProp[4] = 0.192682
[5:5] StateProp[5] = 0.099952
[5:5] StateProp[6] = 0.051811
[5:5] StateProp[7] = 0.026880
[5:5] StateProp[8] = 0.013937
[5:5] StateProp[9] = 0.007216
[5:5] StateProp[10] = 0.003773
[5:5] StateProp[11] = 0.001972
[5:5] OverflowProp[5] = 0.001016
[5:5] Throughput = 4.994921
[5:5] Avg customers in system = 3.053405
[5:5] Avg waiting time = 0.611302
[5:6] StateProp[0] = 0.080379
[5:6] StateProp[1] = 0.122076
[5:6] StateProp[2] = 0.143675
[5:6] StateProp[3] = 0.154914
[5:6] StateProp[4] = 0.160621
[5:6] StateProp[5] = 0.163745
[5:6] StateProp[6] = 0.084914
[5:6] StateProp[7] = 0.044054
[5:6] StateProp[8] = 0.022832
[5:6] StateProp[9] = 0.011834
[5:6] StateProp[10] = 0.006145
[5:6] StateProp[11] = 0.003168
[5:6] OverflowProp[6] = 0.001642
[5:6] Throughput = 4.991791
[5:6] Avg customers in system = 3.538706
[5:6] Avg waiting time = 0.708905
[5:7] StateProp[0] = 0.068980
[5:7] StateProp[1] = 0.104773
[5:7] StateProp[2] = 0.123351
[5:7] StateProp[3] = 0.132867
[5:7] StateProp[4] = 0.137921
[5:7] StateProp[5] = 0.140498
[5:7] StateProp[6] = 0.141826
[5:7] StateProp[7] = 0.073546
[5:7] StateProp[8] = 0.038167
[5:7] StateProp[9] = 0.019731
[5:7] StateProp[10] = 0.010247
[5:7] StateProp[11] = 0.005321
[5:7] OverflowProp[7] = 0.002773
[5:7] Throughput = 4.986135
[5:7] Avg customers in system = 4.013933
[5:7] Avg waiting time = 0.805019
[5:8] StateProp[0] = 0.060497
[5:8] StateProp[1] = 0.091875
[5:8] StateProp[2] = 0.108109
[5:8] StateProp[3] = 0.116482
[5:8] StateProp[4] = 0.120924
[5:8] StateProp[5] = 0.123152
[5:8] StateProp[6] = 0.124387
[5:8] StateProp[7] = 0.124938
[5:8] StateProp[8] = 0.064817
[5:8] StateProp[9] = 0.033621
[5:8] StateProp[10] = 0.017472
[5:8] StateProp[11] = 0.009044
[5:8] OverflowProp[8] = 0.004682
[5:8] Throughput = 4.976588
[5:8] Avg customers in system = 4.473213
[5:8] Avg waiting time = 0.898851
[5:9] StateProp[0] = 0.053935
[5:9] StateProp[1] = 0.081929
[5:9] StateProp[2] = 0.096449
[5:9] StateProp[3] = 0.104002
[5:9] StateProp[4] = 0.107876
[5:9] StateProp[5] = 0.109899
[5:9] StateProp[6] = 0.110857
[5:9] StateProp[7] = 0.111476
[5:9] StateProp[8] = 0.111726
[5:9] StateProp[9] = 0.058030
[5:9] StateProp[10] = 0.030101
[5:9] StateProp[11] = 0.015620
[5:9] OverflowProp[9] = 0.008101
[5:9] Throughput = 4.959493
[5:9] Avg customers in system = 4.902204
[5:9] Avg waiting time = 0.988449
[5:10] StateProp[0] = 0.048871
[5:10] StateProp[1] = 0.074248
[5:10] StateProp[2] = 0.087345
[5:10] StateProp[3] = 0.094138
[5:10] StateProp[4] = 0.097646
[5:10] StateProp[5] = 0.099509
[5:10] StateProp[6] = 0.100452
[5:10] StateProp[7] = 0.100995
[5:10] StateProp[8] = 0.101269
[5:10] StateProp[9] = 0.101370
[5:10] StateProp[10] = 0.052665
[5:10] StateProp[11] = 0.027314
[5:10] OverflowProp[10] = 0.014177
[5:10] Throughput = 4.929113
[5:10] Avg customers in system = 5.278749
[5:10] Avg waiting time = 1.070933
[5:11] StateProp[0] = 0.044949
[5:11] StateProp[1] = 0.068313
[5:11] StateProp[2] = 0.080359
[5:11] StateProp[3] = 0.086701
[5:11] StateProp[4] = 0.089854
[5:11] StateProp[5] = 0.091526
[5:11] StateProp[6] = 0.092399
[5:11] StateProp[7] = 0.092823
[5:11] StateProp[8] = 0.093040
[5:11] StateProp[9] = 0.093207
[5:11] StateProp[10] = 0.093266
[5:11] StateProp[11] = 0.048433
[5:11] OverflowProp[11] = 0.025130
[5:11] Throughput = 4.874348
[5:11] Avg customers in system = 5.558937
[5:11] Avg waiting time = 1.140447
