l = 3
	K = 0
[3:0] StateProp[0] = 0.690379
[3:0] StateProp[1] = 0.213759
[3:0] StateProp[2] = 0.066186
[3:0] StateProp[3] = 0.020486
[3:0] StateProp[4] = 0.006342
[3:0] StateProp[5] = 0.001967
[3:0] StateProp[6] = 0.000605
[3:0] StateProp[7] = 0.000189
[3:0] StateProp[8] = 0.000060
[3:0] StateProp[9] = 0.000019
[3:0] StateProp[10] = 0.000006
[3:0] StateProp[11] = 0.000001
[3:0] OverflowProp[0] = 0.000000
[3:0] Throughput = 2.999999
[3:0] Avg customers in system = 0.448468
[3:0] Avg waiting time = 0.149489

	K = 1
[3:1] StateProp[0] = 0.690331
[3:1] StateProp[1] = 0.213773
[3:1] StateProp[2] = 0.066203
[3:1] StateProp[3] = 0.020499
[3:1] StateProp[4] = 0.006356
[3:1] StateProp[5] = 0.001963
[3:1] StateProp[6] = 0.000603
[3:1] StateProp[7] = 0.000186
[3:1] StateProp[8] = 0.000059
[3:1] StateProp[9] = 0.000018
[3:1] StateProp[10] = 0.000005
[3:1] StateProp[11] = 0.000002
[3:1] OverflowProp[1] = 0.000001
[3:1] Throughput = 2.999998
[3:1] Avg customers in system = 0.448543
[3:1] Avg waiting time = 0.149514

	K = 2
[3:2] StateProp[0] = 0.345202
[3:2] StateProp[1] = 0.452111
[3:2] StateProp[2] = 0.139954
[3:2] StateProp[3] = 0.043318
[3:2] StateProp[4] = 0.013416
[3:2] StateProp[5] = 0.004140
[3:2] StateProp[6] = 0.001278
[3:2] StateProp[7] = 0.000400
[3:2] StateProp[8] = 0.000126
[3:2] StateProp[9] = 0.000039
[3:2] StateProp[10] = 0.000011
[3:2] StateProp[11] = 0.000003
[3:2] OverflowProp[2] = 0.000001
[3:2] Throughput = 2.999998
[3:2] Avg customers in system = 0.948321
[3:2] Avg waiting time = 0.316107

	K = 3
[3:3] StateProp[0] = 0.230114
[3:3] StateProp[1] = 0.301372
[3:3] StateProp[2] = 0.323482
[3:3] StateProp[3] = 0.100076
[3:3] StateProp[4] = 0.031021
[3:3] StateProp[5] = 0.009601
[3:3] StateProp[6] = 0.002990
[3:3] StateProp[7] = 0.000926
[3:3] StateProp[8] = 0.000287
[3:3] StateProp[9] = 0.000089
[3:3] StateProp[10] = 0.000028
[3:3] StateProp[11] = 0.000009
[3:3] OverflowProp[3] = 0.000003
[3:3] Throughput = 2.999990
[3:3] Avg customers in system = 1.448561
[3:3] Avg waiting time = 0.482855

	K = 4
[3:4] StateProp[0] = 0.172599
[3:4] StateProp[1] = 0.226015
[3:4] StateProp[2] = 0.242592
[3:4] StateProp[3] = 0.247715
[3:4] StateProp[4] = 0.076702
[3:4] StateProp[5] = 0.023742
[3:4] StateProp[6] = 0.007359
[3:4] StateProp[7] = 0.002261
[3:4] StateProp[8] = 0.000701
[3:4] StateProp[9] = 0.000220
[3:4] StateProp[10] = 0.000068
[3:4] StateProp[11] = 0.000020
[3:4] OverflowProp[4] = 0.000006
[3:4] Throughput = 2.999983
[3:4] Avg customers in system = 1.948333
[3:4] Avg waiting time = 0.649448

	K = 5
[3:5] StateProp[0] = 0.138095
[3:5] StateProp[1] = 0.180851
[3:5] StateProp[2] = 0.194049
[3:5] StateProp[3] = 0.198140
[3:5] StateProp[4] = 0.199453
[3:5] StateProp[5] = 0.061739
[3:5] StateProp[6] = 0.019143
[3:5] StateProp[7] = 0.005911
[3:5] StateProp[8] = 0.001815
[3:5] StateProp[9] = 0.000559
[3:5] StateProp[10] = 0.000173
[3:5] StateProp[11] = 0.000055
[3:5] OverflowProp[5] = 0.000018
[3:5] Throughput = 2.999947
[3:5] Avg customers in system = 2.448003
[3:5] Avg waiting time = 0.816015

	K = 6
[3:6] StateProp[0] = 0.115085
[3:6] StateProp[1] = 0.150718
[3:6] StateProp[2] = 0.161731
[3:6] StateProp[3] = 0.165155
[3:6] StateProp[4] = 0.166215
[3:6] StateProp[5] = 0.166512
[3:6] StateProp[6] = 0.051531
[3:6] StateProp[7] = 0.015927
[3:6] StateProp[8] = 0.004928
[3:6] StateProp[9] = 0.001526
[3:6] StateProp[10] = 0.000476
[3:6] StateProp[11] = 0.000148
[3:6] OverflowProp[6] = 0.000047
[3:6] Throughput = 2.999860
[3:6] Avg customers in system = 2.947291
[3:6] Avg waiting time = 0.982476

	K = 7
[3:7] StateProp[0] = 0.098628
[3:7] StateProp[1] = 0.129193
[3:7] StateProp[2] = 0.138622
[3:7] StateProp[3] = 0.141542
[3:7] StateProp[4] = 0.142429
[3:7] StateProp[5] = 0.142747
[3:7] StateProp[6] = 0.142878
[3:7] StateProp[7] = 0.044197
[3:7] StateProp[8] = 0.013682
[3:7] StateProp[9] = 0.004238
[3:7] StateProp[10] = 0.001308
[3:7] StateProp[11] = 0.000407
[3:7] OverflowProp[7] = 0.000128
[3:7] Throughput = 2.999615
[3:7] Avg customers in system = 3.446326
[3:7] Avg waiting time = 1.148923

	K = 8
[3:8] StateProp[0] = 0.086321
[3:8] StateProp[1] = 0.113037
[3:8] StateProp[2] = 0.121306
[3:8] StateProp[3] = 0.123893
[3:8] StateProp[4] = 0.124694
[3:8] StateProp[5] = 0.124874
[3:8] StateProp[6] = 0.124992
[3:8] StateProp[7] = 0.124992
[3:8] StateProp[8] = 0.038699
[3:8] StateProp[9] = 0.011994
[3:8] StateProp[10] = 0.003703
[3:8] StateProp[11] = 0.001142
[3:8] OverflowProp[8] = 0.000353
[3:8] Throughput = 2.998941
[3:8] Avg customers in system = 3.942500
[3:8] Avg waiting time = 1.314631

	K = 9
[3:9] StateProp[0] = 0.076734
[3:9] StateProp[1] = 0.100489
[3:9] StateProp[2] = 0.107845
[3:9] StateProp[3] = 0.110132
[3:9] StateProp[4] = 0.110810
[3:9] StateProp[5] = 0.111045
[3:9] StateProp[6] = 0.111095
[3:9] StateProp[7] = 0.111190
[3:9] StateProp[8] = 0.111198
[3:9] StateProp[9] = 0.034436
[3:9] StateProp[10] = 0.010686
[3:9] StateProp[11] = 0.003308
[3:9] OverflowProp[9] = 0.001031
[3:9] Throughput = 2.996907
[3:9] Avg customers in system = 4.432702
[3:9] Avg waiting time = 1.479093

	K = 10
[3:10] StateProp[0] = 0.069133
[3:10] StateProp[1] = 0.090545
[3:10] StateProp[2] = 0.097187
[3:10] StateProp[3] = 0.099219
[3:10] StateProp[4] = 0.099855
[3:10] StateProp[5] = 0.100022
[3:10] StateProp[6] = 0.100099
[3:10] StateProp[7] = 0.100147
[3:10] StateProp[8] = 0.100149
[3:10] StateProp[9] = 0.100122
[3:10] StateProp[10] = 0.030975
[3:10] StateProp[11] = 0.009582
[3:10] OverflowProp[10] = 0.002964
[3:10] Throughput = 2.991108
[3:10] Avg customers in system = 4.901178
[3:10] Avg waiting time = 1.638583

	K = 11
[3:11] StateProp[0] = 0.063026
[3:11] StateProp[1] = 0.082504
[3:11] StateProp[2] = 0.088551
[3:11] StateProp[3] = 0.090391
[3:11] StateProp[4] = 0.091008
[3:11] StateProp[5] = 0.091193
[3:11] StateProp[6] = 0.091231
[3:11] StateProp[7] = 0.091289
[3:11] StateProp[8] = 0.091253
[3:11] StateProp[9] = 0.091269
[3:11] StateProp[10] = 0.091248
[3:11] StateProp[11] = 0.028289
[3:11] OverflowProp[11] = 0.008749
[3:11] Throughput = 2.973752
[3:11] Avg customers in system = 5.312282
[3:11] Avg waiting time = 1.786390

l = 5
	K = 0
[5:0] StateProp[0] = 0.481550
[5:0] StateProp[1] = 0.249612
[5:0] StateProp[2] = 0.129532
[5:0] StateProp[3] = 0.067167
[5:0] StateProp[4] = 0.034805
[5:0] StateProp[5] = 0.018041
[5:0] StateProp[6] = 0.009363
[5:0] StateProp[7] = 0.004849
[5:0] StateProp[8] = 0.002526
[5:0] StateProp[9] = 0.001315
[5:0] StateProp[10] = 0.000690
[5:0] StateProp[11] = 0.000360
[5:0] OverflowProp[0] = 0.000189
[5:0] Throughput = 4.999053
[5:0] Avg customers in system = 1.072632
[5:0] Avg waiting time = 0.214567

	K = 1
[5:1] StateProp[0] = 0.481665
[5:1] StateProp[1] = 0.249643
[5:1] StateProp[2] = 0.129413
[5:1] StateProp[3] = 0.067130
[5:1] StateProp[4] = 0.034773
[5:1] StateProp[5] = 0.018050
[5:1] StateProp[6] = 0.009386
[5:1] StateProp[7] = 0.004877
[5:1] StateProp[8] = 0.002528
[5:1] StateProp[9] = 0.001310
[5:1] StateProp[10] = 0.000685
[5:1] StateProp[11] = 0.000358
[5:1] OverflowProp[1] = 0.000183
[5:1] Throughput = 4.999087
[5:1] Avg customers in system = 1.072455
[5:1] Avg waiting time = 0.214530

	K = 2
[5:2] StateProp[0] = 0.240848
[5:2] StateProp[1] = 0.365797
[5:2] StateProp[2] = 0.189576
[5:2] StateProp[3] = 0.098224
[5:2] StateProp[4] = 0.050888
[5:2] StateProp[5] = 0.026401
[5:2] StateProp[6] = 0.013716
[5:2] StateProp[7] = 0.007144
[5:2] StateProp[8] = 0.003701
[5:2] StateProp[9] = 0.001920
[5:2] StateProp[10] = 0.000997
[5:2] StateProp[11] = 0.000519
[5:2] OverflowProp[2] = 0.000269
[5:2] Throughput = 4.998657
[5:2] Avg customers in system = 1.570049
[5:2] Avg waiting time = 0.314094

	K = 3
[5:3] StateProp[0] = 0.160501
[5:3] StateProp[1] = 0.243783
[5:3] StateProp[2] = 0.286951
[5:3] StateProp[3] = 0.148907
[5:3] StateProp[4] = 0.077250
[5:3] StateProp[5] = 0.039993
[5:3] StateProp[6] = 0.020735
[5:3] StateProp[7] = 0.010771
[5:3] StateProp[8] = 0.005556
[5:3] StateProp[9] = 0.002881
[5:3] StateProp[10] = 0.001503
[5:3] StateProp[11] = 0.000767
[5:3] OverflowProp[3] = 0.000401
[5:3] Throughput = 4.997994
[5:3] Avg customers in system = 2.067030
[5:3] Avg waiting time = 0.413572

	K = 4
[5:4] StateProp[0] = 0.120509
[5:4] StateProp[1] = 0.182908
[5:4] StateProp[2] = 0.215272
[5:4] StateProp[3] = 0.232170
[5:4] StateProp[4] = 0.120287
[5:4] StateProp[5] = 0.062325
[5:4] StateProp[6] = 0.032336
[5:4] StateProp[7] = 0.016746
[5:4] StateProp[8] = 0.008706
[5:4] StateProp[9] = 0.004523
[5:4] StateProp[10] = 0.002352
[5:4] StateProp[11] = 0.001226
[5:4] OverflowProp[4] = 0.000642
[5:4] Throughput = 4.996792
[5:4] Avg customers in system = 2.561324
[5:4] Avg waiting time = 0.512594

	K = 5
[5:5] StateProp[0] = 0.096417
[5:5] StateProp[1] = 0.146374
[5:5] StateProp[2] = 0.172260
[5:5] StateProp[3] = 0.185710
[5:5] StateProp[4] = 0.192682
[5:5] StateProp[5] = 0.099952
[5:5] StateProp[6] = 0.051811
[5:5] StateProp[7] = 0.026880
[5:5] StateProp[8] = 0.013937
[5:5] StateProp[9] = 0.007216
[5:5] StateProp[10] = 0.003773
[5:5] StateProp[11] = 0.001972
[5:5] OverflowProp[5] = 0.001016
[5:5] Throughput = 4.994921
[5:5] Avg customers in system = 3.053405
[5:5] Avg waiting time = 0.611302

	K = 6
[5:6] StateProp[0] = 0.080379
[5:6] StateProp[1] = 0.122076
[5:6] StateProp[2] = 0.143675
[5:6] StateProp[3] = 0.154914
[5:6] StateProp[4] = 0.160621
[5:6] StateProp[5] = 0.163745
[5:6] StateProp[6] = 0.084914
[5:6] StateProp[7] = 0.044054
[5:6] StateProp[8] = 0.022832
[5:6] StateProp[9] = 0.011834
[5:6] StateProp[10] = 0.006145
[5:6] StateProp[11] = 0.003168
[5:6] OverflowProp[6] = 0.001642
[5:6] Throughput = 4.991791
[5:6] Avg customers in system = 3.538706
[5:6] Avg waiting time = 0.708905

	K = 7
[5:7] StateProp[0] = 0.068980
[5:7] StateProp[1] = 0.104773
[5:7] StateProp[2] = 0.123351
[5:7] StateProp[3] = 0.132867
[5:7] StateProp[4] = 0.137921
[5:7] StateProp[5] = 0.140498
[5:7] StateProp[6] = 0.141826
[5:7] StateProp[7] = 0.073546
[5:7] StateProp[8] = 0.038167
[5:7] StateProp[9] = 0.019731
[5:7] StateProp[10] = 0.010247
[5:7] StateProp[11] = 0.005321
[5:7] OverflowProp[7] = 0.002773
[5:7] Throughput = 4.986135
[5:7] Avg customers in system = 4.013933
[5:7] Avg waiting time = 0.805019

	K = 8
[5:8] StateProp[0] = 0.060497
[5:8] StateProp[1] = 0.091875
[5:8] StateProp[2] = 0.108109
[5:8] StateProp[3] = 0.116482
[5:8] StateProp[4] = 0.120924
[5:8] StateProp[5] = 0.123152
[5:8] StateProp[6] = 0.124387
[5:8] StateProp[7] = 0.124938
[5:8] StateProp[8] = 0.064817
[5:8] StateProp[9] = 0.033621
[5:8] StateProp[10] = 0.017472
[5:8] StateProp[11] = 0.009044
[5:8] OverflowProp[8] = 0.004682
[5:8] Throughput = 4.976588
[5:8] Avg customers in system = 4.473213
[5:8] Avg waiting time = 0.898851

	K = 9
[5:9] StateProp[0] = 0.053935
[5:9] StateProp[1] = 0.081929
[5:9] StateProp[2] = 0.096449
[5:9] StateProp[3] = 0.104002
[5:9] StateProp[4] = 0.107876
[5:9] StateProp[5] = 0.109899
[5:9] StateProp[6] = 0.110857
[5:9] StateProp[7] = 0.111476
[5:9] StateProp[8] = 0.111726
[5:9] StateProp[9] = 0.058030
[5:9] StateProp[10] = 0.030101
[5:9] StateProp[11] = 0.015620
[5:9] OverflowProp[9] = 0.008101
[5:9] Throughput = 4.959493
[5:9] Avg customers in system = 4.902204
[5:9] Avg waiting time = 0.988449

	K = 10
[5:10] StateProp[0] = 0.048871
[5:10] StateProp[1] = 0.074248
[5:10] StateProp[2] = 0.087345
[5:10] StateProp[3] = 0.094138
[5:10] StateProp[4] = 0.097646
[5:10] StateProp[5] = 0.099509
[5:10] StateProp[6] = 0.100452
[5:10] StateProp[7] = 0.100995
[5:10] StateProp[8] = 0.101269
[5:10] StateProp[9] = 0.101370
[5:10] StateProp[10] = 0.052665
[5:10] StateProp[11] = 0.027314
[5:10] OverflowProp[10] = 0.014177
[5:10] Throughput = 4.929113
[5:10] Avg customers in system = 5.278749
[5:10] Avg waiting time = 1.070933

	K = 11
[5:11] StateProp[0] = 0.044949
[5:11] StateProp[1] = 0.068313
[5:11] StateProp[2] = 0.080359
[5:11] StateProp[3] = 0.086701
[5:11] StateProp[4] = 0.089854
[5:11] StateProp[5] = 0.091526
[5:11] StateProp[6] = 0.092399
[5:11] StateProp[7] = 0.092823
[5:11] StateProp[8] = 0.093040
[5:11] StateProp[9] = 0.093207
[5:11] StateProp[10] = 0.093266
[5:11] StateProp[11] = 0.048433
[5:11] OverflowProp[11] = 0.025130
[5:11] Throughput = 4.874348
[5:11] Avg customers in system = 5.558937
[5:11] Avg waiting time = 1.140447

l = 12
	K = 0
[12:0] StateProp[0] = 0.014401
[12:0] StateProp[1] = 0.018152
[12:0] StateProp[2] = 0.022725
[12:0] StateProp[3] = 0.028590
[12:0] StateProp[4] = 0.035717
[12:0] StateProp[5] = 0.044664
[12:0] StateProp[6] = 0.055674
[12:0] StateProp[7] = 0.069547
[12:0] StateProp[8] = 0.086716
[12:0] StateProp[9] = 0.108148
[12:0] StateProp[10] = 0.135191
[12:0] StateProp[11] = 0.168949
[12:0] OverflowProp[0] = 0.211526
[12:0] Throughput = 9.461687
[12:0] Avg customers in system = 6.213846
[12:0] Avg waiting time = 0.656738

	K = 1
[12:1] StateProp[0] = 0.014433
[12:1] StateProp[1] = 0.018237
[12:1] StateProp[2] = 0.022798
[12:1] StateProp[3] = 0.028689
[12:1] StateProp[4] = 0.035771
[12:1] StateProp[5] = 0.044695
[12:1] StateProp[6] = 0.055702
[12:1] StateProp[7] = 0.069560
[12:1] StateProp[8] = 0.086781
[12:1] StateProp[9] = 0.108097
[12:1] StateProp[10] = 0.135091
[12:1] StateProp[11] = 0.168879
[12:1] OverflowProp[1] = 0.211267
[12:1] Throughput = 9.464791
[12:1] Avg customers in system = 6.213292
[12:1] Avg waiting time = 0.656464

	K = 2
[12:2] StateProp[0] = 0.008086
[12:2] StateProp[1] = 0.018288
[12:2] StateProp[2] = 0.022964
[12:2] StateProp[3] = 0.028841
[12:2] StateProp[4] = 0.036027
[12:2] StateProp[5] = 0.044973
[12:2] StateProp[6] = 0.056125
[12:2] StateProp[7] = 0.069939
[12:2] StateProp[8] = 0.087214
[12:2] StateProp[9] = 0.108818
[12:2] StateProp[10] = 0.136095
[12:2] StateProp[11] = 0.169957
[12:2] OverflowProp[2] = 0.212672
[12:2] Throughput = 9.447937
[12:2] Avg customers in system = 6.253583
[12:2] Avg waiting time = 0.661899

	K = 3
[12:3] StateProp[0] = 0.006026
[12:3] StateProp[1] = 0.013628
[12:3] StateProp[2] = 0.023161
[12:3] StateProp[3] = 0.029078
[12:3] StateProp[4] = 0.036314
[12:3] StateProp[5] = 0.045352
[12:3] StateProp[6] = 0.056466
[12:3] StateProp[7] = 0.070376
[12:3] StateProp[8] = 0.087755
[12:3] StateProp[9] = 0.109572
[12:3] StateProp[10] = 0.136977
[12:3] StateProp[11] = 0.171111
[12:3] OverflowProp[3] = 0.214187
[12:3] Throughput = 9.429759
[12:3] Avg customers in system = 6.290788
[12:3] Avg waiting time = 0.667121

	K = 4
[12:4] StateProp[0] = 0.004997
[12:4] StateProp[1] = 0.011300
[12:4] StateProp[2] = 0.019170
[12:4] StateProp[3] = 0.029081
[12:4] StateProp[4] = 0.036383
[12:4] StateProp[5] = 0.045585
[12:4] StateProp[6] = 0.056920
[12:4] StateProp[7] = 0.070979
[12:4] StateProp[8] = 0.088520
[12:4] StateProp[9] = 0.110384
[12:4] StateProp[10] = 0.138144
[12:4] StateProp[11] = 0.172507
[12:4] OverflowProp[4] = 0.216031
[12:4] Throughput = 9.407622
[12:4] Avg customers in system = 6.329338
[12:4] Avg waiting time = 0.672788

	K = 5
[12:5] StateProp[0] = 0.004431
[12:5] StateProp[1] = 0.010030
[12:5] StateProp[2] = 0.017014
[12:5] StateProp[3] = 0.025756
[12:5] StateProp[4] = 0.036681
[12:5] StateProp[5] = 0.045919
[12:5] StateProp[6] = 0.057409
[12:5] StateProp[7] = 0.071656
[12:5] StateProp[8] = 0.089357
[12:5] StateProp[9] = 0.111327
[12:5] StateProp[10] = 0.139080
[12:5] StateProp[11] = 0.173741
[12:5] OverflowProp[5] = 0.217598
[12:5] Throughput = 9.388824
[12:5] Avg customers in system = 6.362443
[12:5] Avg waiting time = 0.677661

	K = 6
[12:6] StateProp[0] = 0.004076
[12:6] StateProp[1] = 0.009249
[12:6] StateProp[2] = 0.015665
[12:6] StateProp[3] = 0.023695
[12:6] StateProp[4] = 0.033700
[12:6] StateProp[5] = 0.046243
[12:6] StateProp[6] = 0.057806
[12:6] StateProp[7] = 0.072199
[12:6] StateProp[8] = 0.089989
[12:6] StateProp[9] = 0.112160
[12:6] StateProp[10] = 0.140341
[12:6] StateProp[11] = 0.175350
[12:6] OverflowProp[6] = 0.219528
[12:6] Throughput = 9.365667
[12:6] Avg customers in system = 6.391514
[12:6] Avg waiting time = 0.682441

	K = 7
[12:7] StateProp[0] = 0.003837
[12:7] StateProp[1] = 0.008691
[12:7] StateProp[2] = 0.014745
[12:7] StateProp[3] = 0.022378
[12:7] StateProp[4] = 0.031778
[12:7] StateProp[5] = 0.043559
[12:7] StateProp[6] = 0.058254
[12:7] StateProp[7] = 0.072792
[12:7] StateProp[8] = 0.090769
[12:7] StateProp[9] = 0.113229
[12:7] StateProp[10] = 0.141569
[12:7] StateProp[11] = 0.176937
[12:7] OverflowProp[7] = 0.221462
[12:7] Throughput = 9.342459
[12:7] Avg customers in system = 6.416500
[12:7] Avg waiting time = 0.686811

	K = 8
[12:8] StateProp[0] = 0.003702
[12:8] StateProp[1] = 0.008362
[12:8] StateProp[2] = 0.014139
[12:8] StateProp[3] = 0.021433
[12:8] StateProp[4] = 0.030470
[12:8] StateProp[5] = 0.041740
[12:8] StateProp[6] = 0.055829
[12:8] StateProp[7] = 0.073465
[12:8] StateProp[8] = 0.091719
[12:8] StateProp[9] = 0.114408
[12:8] StateProp[10] = 0.142920
[12:8] StateProp[11] = 0.178457
[12:8] OverflowProp[8] = 0.223357
[12:8] Throughput = 9.319714
[12:8] Avg customers in system = 6.436395
[12:8] Avg waiting time = 0.690622

	K = 9
[12:9] StateProp[0] = 0.003565
[12:9] StateProp[1] = 0.008064
[12:9] StateProp[2] = 0.013666
[12:9] StateProp[3] = 0.020757
[12:9] StateProp[4] = 0.029475
[12:9] StateProp[5] = 0.040524
[12:9] StateProp[6] = 0.054232
[12:9] StateProp[7] = 0.071288
[12:9] StateProp[8] = 0.092510
[12:9] StateProp[9] = 0.115466
[12:9] StateProp[10] = 0.144272
[12:9] StateProp[11] = 0.180387
[12:9] OverflowProp[9] = 0.225795
[12:9] Throughput = 9.290455
[12:9] Avg customers in system = 6.448841
[12:9] Avg waiting time = 0.694136

	K = 10
[12:10] StateProp[0] = 0.003507
[12:10] StateProp[1] = 0.007961
[12:10] StateProp[2] = 0.013438
[12:10] StateProp[3] = 0.020417
[12:10] StateProp[4] = 0.028946
[12:10] StateProp[5] = 0.039779
[12:10] StateProp[6] = 0.053100
[12:10] StateProp[7] = 0.069891
[12:10] StateProp[8] = 0.090698
[12:10] StateProp[9] = 0.116648
[12:10] StateProp[10] = 0.145687
[12:10] StateProp[11] = 0.182049
[12:10] OverflowProp[10] = 0.227879
[12:10] Throughput = 9.265448
[12:10] Avg customers in system = 6.453427
[12:10] Avg waiting time = 0.696505

	K = 11
[12:11] StateProp[0] = 0.003469
[12:11] StateProp[1] = 0.007859
[12:11] StateProp[2] = 0.013298
[12:11] StateProp[3] = 0.020153
[12:11] StateProp[4] = 0.028641
[12:11] StateProp[5] = 0.039304
[12:11] StateProp[6] = 0.052454
[12:11] StateProp[7] = 0.069009
[12:11] StateProp[8] = 0.089488
[12:11] StateProp[9] = 0.115057
[12:11] StateProp[10] = 0.147276
[12:11] StateProp[11] = 0.183939
[12:11] OverflowProp[11] = 0.230053
[12:11] Throughput = 9.239362
[12:11] Avg customers in system = 6.451290
[12:11] Avg waiting time = 0.698240

